<?xml version="1.0" encoding="UTF-8"?>
<!-- Generated by org.testng.reporters.JUnitXMLReporter -->
<testsuite hostname="LAPTOP-JF89UMLV" ignored="0" name="Test" tests="4" failures="0" timestamp="12 Jan 2020 08:04:53 GMT" time="82.904" errors="0">
  <testcase name="clickContactLinkTest" time="20.144" classname="TestCases.HomePageTest"/>
  <testcase name="loginPageTitleTest" time="0.036" classname="TestCases.LoginPageTest"/>
  <testcase name="verifyImage" time="0.823" classname="TestCases.LoginPageTest"/>
  <testcase name="loginTest" time="10.706" classname="TestCases.LoginPageTest"/>
</testsuite> <!-- Test -->
